Data splits created:
  Train: 4452 files (70.0%)
  Val:   954 files (15.0%)
  Test:  954 files (15.0%)
Parsing 48 chart files...
  Parsing file 0/48...See Me Now failed song length requirement
永遠なる絆と想いのキセキ failed bpm requirement (avg_bpm=270.8)
扉ひらいて、ふたり未来へ-Fantom Euro Mix- failed song length requirement
恋ひ恋ふ縁 Ex failed valid chart requirement (no dance-single charts)
Natsuzora failed song length requirement
Beat your Heart failed bpm requirement (avg_bpm=220.0)
SUPER SUMMER DIVE!! failed song length requirement
Error processing data/community/remi/âcü[âfâBü[üÜ/âcü[âfâBü[üÜ.ssc: Audio file not found: data/community/remi/âcü[âfâBü[üÜ/c[fB[.mp3
Error processing data/community/remi/GHOSTü~GRADUATION/GHOSTü~GRADUATION.ssc: Audio file not found: data/community/remi/GHOSTü~GRADUATION/GHOST~GRADUATION.mp3
Crazy Baby failed bpm requirement (avg_bpm=441.1)
[src/libmpg123/id3.c:process_comment():587] error: No comment text / valid description?
Pure My Voices failed song length requirement
Little bravery failed song length requirement
Imaginary affair failed song length requirement
G e n g a o z o failed song length requirement
PEACE BREAKER failed song length requirement
T.S ： Terminal Strike failed song length requirement
Error processing data/community/Gochamaze Greatest Gigapack 2/(RION)Fatima/Fatima.sm: Audio file not found: data/community/Gochamaze Greatest Gigapack 2/(RION)Fatima/fatima.ogg
NEVER ENDING LIGHT failed song length requirement
More Selfish failed song length requirement
Dreht Sich！ failed song length requirement
Odin failed song length requirement
ラズワルド failed song length requirement

Dataset initialized with 50 valid samples
Cache: 0/50 samples (0.0% hit rate)

Decoding: {'greedy': False, 'temperature': 0.8, 'top_k': 3}
song                               diff      onset_F1 gen_dens ref_dens     critic
------------------------------------------------------------------------------------
Deja loin                          Hard         0.234    0.441    0.260     Medium
ヤマトなでなでかぐや姫                        Beg          0.134    0.192    0.084       Easy
大和撫子はあこがれ                          Med          0.410    0.472    0.263       Hard
B4U                                Easy         0.471    0.478    0.186       Hard
INSERTiON                          Beg          0.068    0.186    0.096     Medium
[src/libmpg123/id3.c:process_comment():587] error: No comment text / valid description?
KIM POSSIBLE THEME SONG            Beg          0.142    0.278    0.096       Easy
------------------------------------------------------------------------------------
Exported 6 song folders to outputs/samples/
Each folder: original audio + chart.sm (Challenge=generated, original difficulty=real).
